<?xml version="1.0" encoding="UTF-8"?>
<!-- Generated by org.testng.reporters.JUnitXMLReporter -->
<testsuite hostname="Abduls-Air" ignored="0" name="Test" tests="3" failures="0" timestamp="2020-07-27T14:21:50 IST" time="44.213" errors="0">
  <testcase name="PageTitleTest" time="0.031" classname="com.php.qa.testcases.LoginPageTest"/>
  <testcase name="LogoTest" time="0.092" classname="com.php.qa.testcases.LoginPageTest"/>
  <testcase name="LoginTest" time="12.487" classname="com.php.qa.testcases.LoginPageTest"/>
</testsuite> <!-- Test -->
