<?xml version="1.0" encoding="UTF-8"?>
<!-- Generated by org.testng.reporters.JUnitXMLReporter -->
<testsuite hostname="Abduls-MacBook-Air.local" ignored="2" name="Default test" tests="1" failures="0" timestamp="2020-07-27T16:14:25 IST" time="20.568" errors="0">
  <testcase name="LoginTest" time="11.962" classname="com.php.qa.testcases.LoginPageTest"/>
  <testcase name="PageTitleTest" time="0.0" classname="com.php.qa.testcases.LoginPageTest">
    <ignored/>
  </testcase> <!-- PageTitleTest -->
  <testcase name="LogoTest" time="0.0" classname="com.php.qa.testcases.LoginPageTest">
    <ignored/>
  </testcase> <!-- LogoTest -->
</testsuite> <!-- Default test -->
