<?xml version="1.0" encoding="UTF-8"?>
<testng-results skipped="0" failed="0" ignored="2" total="3" passed="1">
  <reporter-output>
  </reporter-output>
  <suite name="Default suite" duration-ms="20568" started-at="2020-07-27T16:14:00 IST" finished-at="2020-07-27T16:14:20 IST">
    <groups>
    </groups>
    <test name="Default test" duration-ms="20568" started-at="2020-07-27T16:14:00 IST" finished-at="2020-07-27T16:14:20 IST">
      <class name="com.php.qa.testcases.LoginPageTest">
        <test-method status="PASS" signature="setUp()[pri:0, instance:com.php.qa.testcases.LoginPageTest@2d8f65a4]" name="setUp" is-config="true" duration-ms="8437" started-at="2020-07-27T16:14:00 IST" finished-at="2020-07-27T16:14:08 IST">
          <reporter-output>
          </reporter-output>
        </test-method> <!-- setUp -->
        <test-method status="PASS" signature="LoginTest()[pri:2, instance:com.php.qa.testcases.LoginPageTest@2d8f65a4]" name="LoginTest" duration-ms="11962" started-at="2020-07-27T16:14:08 IST" finished-at="2020-07-27T16:14:20 IST">
          <reporter-output>
          </reporter-output>
        </test-method> <!-- LoginTest -->
        <test-method status="PASS" signature="teardown()[pri:0, instance:com.php.qa.testcases.LoginPageTest@2d8f65a4]" name="teardown" is-config="true" duration-ms="112" started-at="2020-07-27T16:14:20 IST" finished-at="2020-07-27T16:14:20 IST">
          <reporter-output>
          </reporter-output>
        </test-method> <!-- teardown -->
      </class> <!-- com.php.qa.testcases.LoginPageTest -->
    </test> <!-- Default test -->
  </suite> <!-- Default suite -->
</testng-results>
